<?xml version="1.0" encoding="UTF-8"?>
<testng-results ignored="0" total="1" passed="1" failed="0" skipped="0">
  <reporter-output>
  </reporter-output>
  <suite started-at="2023-03-14T11:12:14Z" name="Default suite" finished-at="2023-03-14T11:12:14Z" duration-ms="65">
    <groups>
    </groups>
    <test started-at="2023-03-14T11:12:14Z" name="Default test" finished-at="2023-03-14T11:12:14Z" duration-ms="65">
      <class name="GoogleMapsApi.Allurereports">
        <test-method signature="sample1()[pri:0, instance:GoogleMapsApi.Allurereports@2d6c53fc]" started-at="2023-03-14T11:12:14Z" name="sample1" finished-at="2023-03-14T11:12:14Z" duration-ms="20" status="PASS">
          <reporter-output>
          </reporter-output>
        </test-method> <!-- sample1 -->
      </class> <!-- GoogleMapsApi.Allurereports -->
    </test> <!-- Default test -->
  </suite> <!-- Default suite -->
</testng-results>
